{"contracts/NftMarketPlace.sol":{"l":{"61":15,"62":15,"63":1,"65":14,"72":22,"73":22,"74":22,"75":3,"77":19,"83":10,"84":10,"85":3,"87":7,"105":13,"106":1,"108":12,"109":12,"110":1,"112":11,"113":11,"125":3,"126":3,"127":1,"129":2,"131":2,"132":2,"133":2,"144":1,"145":1,"156":3,"157":1,"159":2,"160":2,"163":2,"164":2,"165":1,"167":1,"168":1,"169":1,"170":0,"179":4,"182":2},"path":"/root/nft-marketplace/contracts/NftMarketPlace.sol","s":{"1":15,"2":15,"3":22,"4":22,"5":22,"6":10,"7":10,"8":13,"9":12,"10":12,"11":11,"12":3,"13":3,"14":2,"15":2,"16":1,"17":3,"18":2,"19":2,"20":2,"21":1,"22":1,"23":4,"24":2},"b":{"1":[1,14],"2":[3,19],"3":[3,7],"4":[14,1],"5":[13,1],"6":[1,12],"7":[1,11],"8":[4,0],"9":[3,1],"10":[1,2],"11":[2,1],"12":[1,1],"13":[4,1],"14":[3,1],"15":[1,2],"16":[1,1],"17":[0,1]},"f":{"1":15,"2":22,"3":10,"4":13,"5":3,"6":1,"7":3,"8":2,"9":4,"10":2},"fnMap":{"1":{"name":"notListed","line":57,"loc":{"start":{"line":57,"column":1},"end":{"line":66,"column":4}}},"2":{"name":"isOwner","line":67,"loc":{"start":{"line":67,"column":4},"end":{"line":78,"column":4}}},"3":{"name":"isListed","line":79,"loc":{"start":{"line":79,"column":4},"end":{"line":88,"column":4}}},"4":{"name":"listItem","line":103,"loc":{"start":{"line":96,"column":0},"end":{"line":115,"column":0}}},"5":{"name":"buyItem","line":123,"loc":{"start":{"line":116,"column":0},"end":{"line":135,"column":0}}},"6":{"name":"deleteItem","line":142,"loc":{"start":{"line":136,"column":0},"end":{"line":146,"column":0}}},"7":{"name":"updateListing","line":154,"loc":{"start":{"line":147,"column":0},"end":{"line":161,"column":0}}},"8":{"name":"withdrawProceeds","line":162,"loc":{"start":{"line":162,"column":0},"end":{"line":172,"column":0}}},"9":{"name":"getListing","line":178,"loc":{"start":{"line":178,"column":0},"end":{"line":180,"column":0}}},"10":{"name":"getProceeds","line":181,"loc":{"start":{"line":181,"column":0},"end":{"line":183,"column":0}}}},"statementMap":{"1":{"start":{"line":61,"column":8},"end":{"line":61,"column":64}},"2":{"start":{"line":62,"column":8},"end":{"line":62,"column":1573}},"3":{"start":{"line":72,"column":0},"end":{"line":72,"column":33}},"4":{"start":{"line":73,"column":0},"end":{"line":73,"column":36}},"5":{"start":{"line":74,"column":0},"end":{"line":74,"column":1868}},"6":{"start":{"line":83,"column":8},"end":{"line":83,"column":64}},"7":{"start":{"line":84,"column":8},"end":{"line":84,"column":2104}},"8":{"start":{"line":105,"column":1},"end":{"line":105,"column":2471}},"9":{"start":{"line":108,"column":2},"end":{"line":108,"column":37}},"10":{"start":{"line":109,"column":2},"end":{"line":109,"column":2583}},"11":{"start":{"line":113,"column":2},"end":{"line":113,"column":59}},"12":{"start":{"line":125,"column":0},"end":{"line":125,"column":56}},"13":{"start":{"line":126,"column":2},"end":{"line":126,"column":3008}},"14":{"start":{"line":132,"column":1},"end":{"line":132,"column":74}},"15":{"start":{"line":133,"column":0},"end":{"line":133,"column":66}},"16":{"start":{"line":145,"column":4},"end":{"line":145,"column":57}},"17":{"start":{"line":156,"column":4},"end":{"line":156,"column":3754}},"18":{"start":{"line":160,"column":0},"end":{"line":160,"column":60}},"19":{"start":{"line":163,"column":4},"end":{"line":163,"column":45}},"20":{"start":{"line":164,"column":4},"end":{"line":164,"column":4039}},"21":{"start":{"line":168,"column":4},"end":{"line":168,"column":68}},"22":{"start":{"line":169,"column":4},"end":{"line":169,"column":4218}},"23":{"start":{"line":179,"column":4},"end":{"line":179,"column":42}},"24":{"start":{"line":182,"column":4},"end":{"line":182,"column":29}}},"branchMap":{"1":{"line":62,"type":"if","locations":[{"start":{"line":62,"column":8},"end":{"line":62,"column":8}},{"start":{"line":62,"column":8},"end":{"line":62,"column":8}}]},"2":{"line":74,"type":"if","locations":[{"start":{"line":74,"column":0},"end":{"line":74,"column":0}},{"start":{"line":74,"column":0},"end":{"line":74,"column":0}}]},"3":{"line":84,"type":"if","locations":[{"start":{"line":84,"column":8},"end":{"line":84,"column":8}},{"start":{"line":84,"column":8},"end":{"line":84,"column":8}}]},"4":{"line":102,"type":"if","locations":[{"start":{"line":102,"column":0},"end":{"line":102,"column":0}},{"start":{"line":102,"column":0},"end":{"line":102,"column":0}}]},"5":{"line":103,"type":"if","locations":[{"start":{"line":103,"column":0},"end":{"line":103,"column":0}},{"start":{"line":103,"column":0},"end":{"line":103,"column":0}}]},"6":{"line":105,"type":"if","locations":[{"start":{"line":105,"column":1},"end":{"line":105,"column":1}},{"start":{"line":105,"column":1},"end":{"line":105,"column":1}}]},"7":{"line":109,"type":"if","locations":[{"start":{"line":109,"column":2},"end":{"line":109,"column":2}},{"start":{"line":109,"column":2},"end":{"line":109,"column":2}}]},"8":{"line":122,"type":"if","locations":[{"start":{"line":122,"column":0},"end":{"line":122,"column":0}},{"start":{"line":122,"column":0},"end":{"line":122,"column":0}}]},"9":{"line":123,"type":"if","locations":[{"start":{"line":123,"column":0},"end":{"line":123,"column":0}},{"start":{"line":123,"column":0},"end":{"line":123,"column":0}}]},"10":{"line":126,"type":"if","locations":[{"start":{"line":126,"column":2},"end":{"line":126,"column":2}},{"start":{"line":126,"column":2},"end":{"line":126,"column":2}}]},"11":{"line":141,"type":"if","locations":[{"start":{"line":141,"column":0},"end":{"line":141,"column":0}},{"start":{"line":141,"column":0},"end":{"line":141,"column":0}}]},"12":{"line":142,"type":"if","locations":[{"start":{"line":142,"column":0},"end":{"line":142,"column":0}},{"start":{"line":142,"column":0},"end":{"line":142,"column":0}}]},"13":{"line":153,"type":"if","locations":[{"start":{"line":153,"column":0},"end":{"line":153,"column":0}},{"start":{"line":153,"column":0},"end":{"line":153,"column":0}}]},"14":{"line":154,"type":"if","locations":[{"start":{"line":154,"column":0},"end":{"line":154,"column":0}},{"start":{"line":154,"column":0},"end":{"line":154,"column":0}}]},"15":{"line":156,"type":"if","locations":[{"start":{"line":156,"column":4},"end":{"line":156,"column":4}},{"start":{"line":156,"column":4},"end":{"line":156,"column":4}}]},"16":{"line":164,"type":"if","locations":[{"start":{"line":164,"column":4},"end":{"line":164,"column":4}},{"start":{"line":164,"column":4},"end":{"line":164,"column":4}}]},"17":{"line":169,"type":"if","locations":[{"start":{"line":169,"column":4},"end":{"line":169,"column":4}},{"start":{"line":169,"column":4},"end":{"line":169,"column":4}}]}}},"contracts/test/BasicNft.sol":{"l":{"14":3,"18":18,"19":18,"20":18,"25":0,"29":0},"path":"/root/nft-marketplace/contracts/test/BasicNft.sol","s":{"1":18,"2":18,"3":0,"4":0},"b":{},"f":{"1":3,"2":18,"3":0,"4":0},"fnMap":{"1":{"name":"constructor","line":13,"loc":{"start":{"line":13,"column":4},"end":{"line":15,"column":4}}},"2":{"name":"mintNft","line":17,"loc":{"start":{"line":17,"column":4},"end":{"line":21,"column":4}}},"3":{"name":"tokenURI","line":23,"loc":{"start":{"line":23,"column":4},"end":{"line":26,"column":4}}},"4":{"name":"getTokenCounter","line":28,"loc":{"start":{"line":28,"column":4},"end":{"line":30,"column":4}}}},"statementMap":{"1":{"start":{"line":18,"column":8},"end":{"line":18,"column":44}},"2":{"start":{"line":19,"column":8},"end":{"line":19,"column":38}},"3":{"start":{"line":25,"column":8},"end":{"line":25,"column":24}},"4":{"start":{"line":29,"column":8},"end":{"line":29,"column":29}}},"branchMap":{}}}